<?xml version="1.0" encoding="UTF-8"?>
<!-- Generated by org.testng.reporters.JUnitReportReporter -->
<testsuite skipped="1" hostname="LT086984" name="com.testcases.TestCaseone" tests="3" failures="0" timestamp="10 Nov 2020 04:35:17 GMT" time="75.889" errors="0">
  <testcase name="mysecondmethod" time="52.866" classname="com.testcases.TestCaseone"/>
  <testcase name="mysecondmethod" time="23.023" classname="com.testcases.TestCaseone"/>
  <testcase name="myfirstmethod" classname="com.testcases.TestCaseone">
    <skipped/>
  </testcase> <!-- myfirstmethod -->
</testsuite> <!-- com.testcases.TestCaseone -->
