<?xml version="1.0" encoding="UTF-8"?>
<!-- Generated by org.testng.reporters.JUnitReportReporter -->
<testsuite skipped="0" hostname="LAPTOP-UC8NRPBF" name="com.testcases.AnyClass" tests="2" failures="0" timestamp="21 Nov 2020 04:13:31 GMT" time="32.764" errors="0">
  <testcase name="loginmysite" time="16.025" classname="com.testcases.AnyClass"/>
  <testcase name="loginmysite" time="16.739" classname="com.testcases.AnyClass"/>
</testsuite> <!-- com.testcases.AnyClass -->
