<?xml version="1.0" encoding="UTF-8"?>
<!-- Generated by org.testng.reporters.JUnitReportReporter -->
<testsuite skipped="0" hostname="LT086984" name="com.excelutils.SampleTest" tests="4" failures="0" timestamp="08 Nov 2020 18:54:46 GMT" time="0.014" errors="0">
  <testcase name="method" time="0.001" classname="com.excelutils.SampleTest"/>
  <testcase name="methodone" time="0.004" classname="com.excelutils.SampleTest"/>
  <testcase name="method" time="0.008" classname="com.excelutils.SampleTest"/>
  <testcase name="methodone" time="0.001" classname="com.excelutils.SampleTest"/>
</testsuite> <!-- com.excelutils.SampleTest -->
