<?xml version="1.0" encoding="UTF-8"?>
<!-- Generated by org.testng.reporters.JUnitReportReporter -->
<testsuite skipped="0" hostname="LT086984" name="com.excelutils.Testclass" tests="2" failures="0" timestamp="04 Nov 2020 19:47:01 GMT" time="0.012" errors="0">
  <testcase name="integrationTest" time="0.009" classname="com.excelutils.Testclass"/>
  <testcase name="integrationTest" time="0.003" classname="com.excelutils.Testclass"/>
</testsuite> <!-- com.excelutils.Testclass -->
