<?xml version="1.0" encoding="UTF-8"?>
<!-- Generated by org.testng.reporters.JUnitReportReporter -->
<testsuite skipped="1" hostname="LT086984" name="com.roughwork.Sampletest" tests="3" failures="0" timestamp="09 Nov 2020 04:44:27 GMT" time="0.012" errors="0">
  <testcase name="methodexcel" time="0.010" classname="com.roughwork.Sampletest"/>
  <testcase name="methodexcel" time="0.002" classname="com.roughwork.Sampletest"/>
  <testcase name="simplemethod" classname="com.roughwork.Sampletest">
    <skipped/>
  </testcase> <!-- simplemethod -->
</testsuite> <!-- com.roughwork.Sampletest -->
